<mule xmlns="http://www.mulesoft.org/schema/mule/core" xmlns:roostify="http://www.mulesoft.org/schema/mule/roostify"
      xmlns:xsi="http://www.w3.org/2001/XMLSchema-instance"
      xsi:schemaLocation="http://www.mulesoft.org/schema/mule/core http://www.mulesoft.org/schema/mule/core/current/mule.xsd
http://www.mulesoft.org/schema/mule/roostify http://www.mulesoft.org/schema/mule/roostify/current/mule-roostify.xsd">

    <roostify:config name="Roostify_Config" address="https://sandbox.roostify.com/api" version="/v1" >
        <roostify:connection username="9059584367234663" password="b8cd725ab1b215a6" connectionIdleTimeout="60000" connectionTimeout="60000"/>
    </roostify:config>

    <flow name="getWebhookEventsFlow" >
        <roostify:listing-webhook-events config-ref="Roostify_Config" created="2019-04-01T00:00:01-07:00..2019-04-24T23:59:00-07:00"/>
    </flow>

</mule>