<mule xmlns="http://www.mulesoft.org/schema/mule/core" xmlns:roostify="http://www.mulesoft.org/schema/mule/roostify"
      xmlns:xsi="http://www.w3.org/2001/XMLSchema-instance"
      xsi:schemaLocation="http://www.mulesoft.org/schema/mule/core http://www.mulesoft.org/schema/mule/core/current/mule.xsd
http://www.mulesoft.org/schema/mule/roostify http://www.mulesoft.org/schema/mule/roostify/current/mule-roostify.xsd">

    <configuration-properties file="application.properties" />
    <roostify:config name="Roostify_Config" address="${address}" version="${version}" >
        <roostify:connection username="${username}" password="${password}" connectionIdleTimeout="600000" connectionTimeout="600000"/>
    </roostify:config>

    <flow name="getWebhookEventsFlow" >
        <roostify:listing-webhook-events config-ref="Roostify_Config" created="2019-04-01T00:00:01-07:00..2019-04-01T03:48:12-07:00"/>
    </flow>

</mule>